<?xml version="1.0" encoding="UTF-8"?>
<testsuite xmlns:xsi="http://www.w3.org/2001/XMLSchema-instance" xsi:noNamespaceSchemaLocation="https://maven.apache.org/surefire/maven-surefire-plugin/xsd/surefire-test-report.xsd" name="com.nhnacademy.AppTest" time="0.023" tests="1" errors="0" skipped="0" failures="0">
  <properties>
    <property name="java.specification.version" value="17"/>
    <property name="sun.jnu.encoding" value="UTF-8"/>
    <property name="java.class.path" value="/home/nhnacademy/ATGN02-013/mqtt/iot/mqtt/target/test-classes:/home/nhnacademy/ATGN02-013/mqtt/iot/mqtt/target/classes:/home/nhnacademy/.m2/repository/junit/junit/4.11/junit-4.11.jar:/home/nhnacademy/.m2/repository/org/hamcrest/hamcrest-core/1.3/hamcrest-core-1.3.jar:/home/nhnacademy/.m2/repository/org/eclipse/paho/org.eclipse.paho.client.mqttv3/1.2.5/org.eclipse.paho.client.mqttv3-1.2.5.jar:/home/nhnacademy/.m2/repository/com/influxdb/influxdb-client-java/3.4.0/influxdb-client-java-3.4.0.jar:/home/nhnacademy/.m2/repository/com/influxdb/influxdb-client-core/3.4.0/influxdb-client-core-3.4.0.jar:/home/nhnacademy/.m2/repository/com/influxdb/influxdb-client-utils/3.4.0/influxdb-client-utils-3.4.0.jar:/home/nhnacademy/.m2/repository/com/squareup/retrofit2/retrofit/2.9.0/retrofit-2.9.0.jar:/home/nhnacademy/.m2/repository/com/squareup/okhttp3/okhttp/4.7.2/okhttp-4.7.2.jar:/home/nhnacademy/.m2/repository/com/squareup/okhttp3/logging-interceptor/4.7.2/logging-interceptor-4.7.2.jar:/home/nhnacademy/.m2/repository/org/apache/commons/commons-csv/1.8/commons-csv-1.8.jar:/home/nhnacademy/.m2/repository/com/google/code/gson/gson/2.8.8/gson-2.8.8.jar:/home/nhnacademy/.m2/repository/io/reactivex/rxjava2/rxjava/2.2.19/rxjava-2.2.19.jar:/home/nhnacademy/.m2/repository/org/reactivestreams/reactive-streams/1.0.3/reactive-streams-1.0.3.jar:/home/nhnacademy/.m2/repository/com/squareup/okio/okio/2.6.0/okio-2.6.0.jar:/home/nhnacademy/.m2/repository/org/jetbrains/kotlin/kotlin-stdlib/1.3.70/kotlin-stdlib-1.3.70.jar:/home/nhnacademy/.m2/repository/org/jetbrains/annotations/13.0/annotations-13.0.jar:/home/nhnacademy/.m2/repository/org/jetbrains/kotlin/kotlin-stdlib-common/1.3.70/kotlin-stdlib-common-1.3.70.jar:/home/nhnacademy/.m2/repository/io/swagger/swagger-annotations/1.6.1/swagger-annotations-1.6.1.jar:/home/nhnacademy/.m2/repository/io/gsonfire/gson-fire/1.8.4/gson-fire-1.8.4.jar:/home/nhnacademy/.m2/repository/com/squareup/retrofit2/converter-scalars/2.9.0/converter-scalars-2.9.0.jar:/home/nhnacademy/.m2/repository/com/squareup/retrofit2/converter-gson/2.9.0/converter-gson-2.9.0.jar:/home/nhnacademy/.m2/repository/com/google/code/findbugs/jsr305/3.0.2/jsr305-3.0.2.jar:/home/nhnacademy/.m2/repository/com/fasterxml/jackson/core/jackson-databind/2.15.0/jackson-databind-2.15.0.jar:/home/nhnacademy/.m2/repository/com/fasterxml/jackson/core/jackson-core/2.15.0/jackson-core-2.15.0.jar:/home/nhnacademy/.m2/repository/com/fasterxml/jackson/core/jackson-annotations/2.15.0/jackson-annotations-2.15.0.jar:/home/nhnacademy/.m2/repository/com/fasterxml/jackson/dataformat/jackson-dataformat-yaml/2.15.2/jackson-dataformat-yaml-2.15.2.jar:/home/nhnacademy/.m2/repository/org/yaml/snakeyaml/2.0/snakeyaml-2.0.jar:/home/nhnacademy/.m2/repository/org/slf4j/slf4j-api/2.0.9/slf4j-api-2.0.9.jar:/home/nhnacademy/.m2/repository/ch/qos/logback/logback-classic/1.4.12/logback-classic-1.4.12.jar:/home/nhnacademy/.m2/repository/ch/qos/logback/logback-core/1.4.12/logback-core-1.4.12.jar:/home/nhnacademy/.m2/repository/org/projectlombok/lombok/1.18.30/lombok-1.18.30.jar:"/>
    <property name="java.vm.vendor" value="Eclipse Adoptium"/>
    <property name="sun.arch.data.model" value="64"/>
    <property name="java.vendor.url" value="https://adoptium.net/"/>
    <property name="os.name" value="Linux"/>
    <property name="java.vm.specification.version" value="17"/>
    <property name="sun.java.launcher" value="SUN_STANDARD"/>
    <property name="user.country" value="KR"/>
    <property name="sun.boot.library.path" value="/usr/lib/jvm/temurin-17-jdk-amd64/lib"/>
    <property name="sun.java.command" value="/home/nhnacademy/ATGN02-013/mqtt/iot/mqtt/target/surefire/surefirebooter7600839734850115139.jar /home/nhnacademy/ATGN02-013/mqtt/iot/mqtt/target/surefire 2024-12-06T10-24-37_407-jvmRun1 surefire9281430225313099381tmp surefire_016481704565526817106tmp"/>
    <property name="jdk.debug" value="release"/>
    <property name="surefire.test.class.path" value="/home/nhnacademy/ATGN02-013/mqtt/iot/mqtt/target/test-classes:/home/nhnacademy/ATGN02-013/mqtt/iot/mqtt/target/classes:/home/nhnacademy/.m2/repository/junit/junit/4.11/junit-4.11.jar:/home/nhnacademy/.m2/repository/org/hamcrest/hamcrest-core/1.3/hamcrest-core-1.3.jar:/home/nhnacademy/.m2/repository/org/eclipse/paho/org.eclipse.paho.client.mqttv3/1.2.5/org.eclipse.paho.client.mqttv3-1.2.5.jar:/home/nhnacademy/.m2/repository/com/influxdb/influxdb-client-java/3.4.0/influxdb-client-java-3.4.0.jar:/home/nhnacademy/.m2/repository/com/influxdb/influxdb-client-core/3.4.0/influxdb-client-core-3.4.0.jar:/home/nhnacademy/.m2/repository/com/influxdb/influxdb-client-utils/3.4.0/influxdb-client-utils-3.4.0.jar:/home/nhnacademy/.m2/repository/com/squareup/retrofit2/retrofit/2.9.0/retrofit-2.9.0.jar:/home/nhnacademy/.m2/repository/com/squareup/okhttp3/okhttp/4.7.2/okhttp-4.7.2.jar:/home/nhnacademy/.m2/repository/com/squareup/okhttp3/logging-interceptor/4.7.2/logging-interceptor-4.7.2.jar:/home/nhnacademy/.m2/repository/org/apache/commons/commons-csv/1.8/commons-csv-1.8.jar:/home/nhnacademy/.m2/repository/com/google/code/gson/gson/2.8.8/gson-2.8.8.jar:/home/nhnacademy/.m2/repository/io/reactivex/rxjava2/rxjava/2.2.19/rxjava-2.2.19.jar:/home/nhnacademy/.m2/repository/org/reactivestreams/reactive-streams/1.0.3/reactive-streams-1.0.3.jar:/home/nhnacademy/.m2/repository/com/squareup/okio/okio/2.6.0/okio-2.6.0.jar:/home/nhnacademy/.m2/repository/org/jetbrains/kotlin/kotlin-stdlib/1.3.70/kotlin-stdlib-1.3.70.jar:/home/nhnacademy/.m2/repository/org/jetbrains/annotations/13.0/annotations-13.0.jar:/home/nhnacademy/.m2/repository/org/jetbrains/kotlin/kotlin-stdlib-common/1.3.70/kotlin-stdlib-common-1.3.70.jar:/home/nhnacademy/.m2/repository/io/swagger/swagger-annotations/1.6.1/swagger-annotations-1.6.1.jar:/home/nhnacademy/.m2/repository/io/gsonfire/gson-fire/1.8.4/gson-fire-1.8.4.jar:/home/nhnacademy/.m2/repository/com/squareup/retrofit2/converter-scalars/2.9.0/converter-scalars-2.9.0.jar:/home/nhnacademy/.m2/repository/com/squareup/retrofit2/converter-gson/2.9.0/converter-gson-2.9.0.jar:/home/nhnacademy/.m2/repository/com/google/code/findbugs/jsr305/3.0.2/jsr305-3.0.2.jar:/home/nhnacademy/.m2/repository/com/fasterxml/jackson/core/jackson-databind/2.15.0/jackson-databind-2.15.0.jar:/home/nhnacademy/.m2/repository/com/fasterxml/jackson/core/jackson-core/2.15.0/jackson-core-2.15.0.jar:/home/nhnacademy/.m2/repository/com/fasterxml/jackson/core/jackson-annotations/2.15.0/jackson-annotations-2.15.0.jar:/home/nhnacademy/.m2/repository/com/fasterxml/jackson/dataformat/jackson-dataformat-yaml/2.15.2/jackson-dataformat-yaml-2.15.2.jar:/home/nhnacademy/.m2/repository/org/yaml/snakeyaml/2.0/snakeyaml-2.0.jar:/home/nhnacademy/.m2/repository/org/slf4j/slf4j-api/2.0.9/slf4j-api-2.0.9.jar:/home/nhnacademy/.m2/repository/ch/qos/logback/logback-classic/1.4.12/logback-classic-1.4.12.jar:/home/nhnacademy/.m2/repository/ch/qos/logback/logback-core/1.4.12/logback-core-1.4.12.jar:/home/nhnacademy/.m2/repository/org/projectlombok/lombok/1.18.30/lombok-1.18.30.jar:"/>
    <property name="sun.cpu.endian" value="little"/>
    <property name="user.home" value="/home/nhnacademy"/>
    <property name="user.language" value="ko"/>
    <property name="java.specification.vendor" value="Oracle Corporation"/>
    <property name="java.version.date" value="2024-10-15"/>
    <property name="java.home" value="/usr/lib/jvm/temurin-17-jdk-amd64"/>
    <property name="file.separator" value="/"/>
    <property name="basedir" value="/home/nhnacademy/ATGN02-013/mqtt/iot/mqtt"/>
    <property name="java.vm.compressedOopsMode" value="Zero based"/>
    <property name="line.separator" value="&#10;"/>
    <property name="java.specification.name" value="Java Platform API Specification"/>
    <property name="java.vm.specification.vendor" value="Oracle Corporation"/>
    <property name="surefire.real.class.path" value="/home/nhnacademy/ATGN02-013/mqtt/iot/mqtt/target/surefire/surefirebooter7600839734850115139.jar"/>
    <property name="sun.management.compiler" value="HotSpot 64-Bit Tiered Compilers"/>
    <property name="java.runtime.version" value="17.0.13+11"/>
    <property name="user.name" value="nhnacademy"/>
    <property name="path.separator" value=":"/>
    <property name="os.version" value="6.8.0-49-generic"/>
    <property name="java.runtime.name" value="OpenJDK Runtime Environment"/>
    <property name="file.encoding" value="UTF-8"/>
    <property name="java.vm.name" value="OpenJDK 64-Bit Server VM"/>
    <property name="java.vendor.version" value="Temurin-17.0.13+11"/>
    <property name="localRepository" value="/home/nhnacademy/.m2/repository"/>
    <property name="java.vendor.url.bug" value="https://github.com/adoptium/adoptium-support/issues"/>
    <property name="java.io.tmpdir" value="/tmp"/>
    <property name="java.version" value="17.0.13"/>
    <property name="user.dir" value="/home/nhnacademy/ATGN02-013/mqtt/iot/mqtt"/>
    <property name="os.arch" value="amd64"/>
    <property name="java.vm.specification.name" value="Java Virtual Machine Specification"/>
    <property name="native.encoding" value="UTF-8"/>
    <property name="java.library.path" value="/usr/java/packages/lib:/usr/lib64:/lib64:/lib:/usr/lib"/>
    <property name="java.vm.info" value="mixed mode, sharing"/>
    <property name="java.vendor" value="Eclipse Adoptium"/>
    <property name="java.vm.version" value="17.0.13+11"/>
    <property name="java.specification.maintenance.version" value="1"/>
    <property name="sun.io.unicode.encoding" value="UnicodeLittle"/>
    <property name="java.class.version" value="61.0"/>
  </properties>
  <testcase name="shouldAnswerWithTrue" classname="com.nhnacademy.AppTest" time="0.001"/>
</testsuite>