<?xml version="1.0" encoding="UTF-8"?>
<testsuite xmlns:xsi="http://www.w3.org/2001/XMLSchema-instance" xsi:noNamespaceSchemaLocation="https://maven.apache.org/surefire/maven-surefire-plugin/xsd/surefire-test-report.xsd" name="com.example.AppTest" time="0.012" tests="1" errors="0" skipped="0" failures="0">
  <properties>
    <property name="java.specification.version" value="21"/>
    <property name="sun.jnu.encoding" value="UTF-8"/>
    <property name="java.class.path" value="/Users/inho/IoT/project/target/test-classes:/Users/inho/IoT/project/target/classes:/Users/inho/.m2/repository/com/google/code/gson/gson/2.8.9/gson-2.8.9.jar:/Users/inho/.m2/repository/com/intelligt/modbus/jlibmodbus/1.2.9.11/jlibmodbus-1.2.9.11.jar:/Users/inho/.m2/repository/com/fazecast/jSerialComm/2.10.4/jSerialComm-2.10.4.jar:/Users/inho/.m2/repository/com/github/purejavacomm/purejavacomm/1.0.2.RELEASE/purejavacomm-1.0.2.RELEASE.jar:/Users/inho/.m2/repository/net/java/dev/jna/jna/4.2.2/jna-4.2.2.jar:/Users/inho/.m2/repository/io/github/java-native/jssc/2.9.6/jssc-2.9.6.jar:/Users/inho/.m2/repository/org/scijava/native-lib-loader/2.5.0/native-lib-loader-2.5.0.jar:/Users/inho/.m2/repository/org/slf4j/slf4j-api/1.7.36/slf4j-api-1.7.36.jar:/Users/inho/.m2/repository/org/rxtx/rxtx/2.1.7/rxtx-2.1.7.jar:/Users/inho/.m2/repository/com/google/android/things/androidthings/1.0/androidthings-1.0.jar:/Users/inho/.m2/repository/junit/junit/4.11/junit-4.11.jar:/Users/inho/.m2/repository/org/hamcrest/hamcrest-core/1.3/hamcrest-core-1.3.jar:/Users/inho/.m2/repository/org/eclipse/paho/org.eclipse.paho.client.mqttv3/1.2.5/org.eclipse.paho.client.mqttv3-1.2.5.jar:/Users/inho/.m2/repository/com/fasterxml/jackson/core/jackson-databind/2.15.2/jackson-databind-2.15.2.jar:/Users/inho/.m2/repository/com/fasterxml/jackson/core/jackson-annotations/2.15.2/jackson-annotations-2.15.2.jar:/Users/inho/.m2/repository/com/fasterxml/jackson/core/jackson-core/2.15.2/jackson-core-2.15.2.jar:/Users/inho/.m2/repository/com/influxdb/influxdb-client-java/6.10.0/influxdb-client-java-6.10.0.jar:/Users/inho/.m2/repository/com/influxdb/influxdb-client-core/6.10.0/influxdb-client-core-6.10.0.jar:/Users/inho/.m2/repository/com/influxdb/influxdb-client-utils/6.10.0/influxdb-client-utils-6.10.0.jar:/Users/inho/.m2/repository/com/squareup/okio/okio/3.4.0/okio-3.4.0.jar:/Users/inho/.m2/repository/com/squareup/okio/okio-jvm/3.4.0/okio-jvm-3.4.0.jar:/Users/inho/.m2/repository/org/jetbrains/kotlin/kotlin-stdlib-jdk8/1.8.0/kotlin-stdlib-jdk8-1.8.0.jar:/Users/inho/.m2/repository/org/jetbrains/kotlin/kotlin-stdlib-jdk7/1.8.0/kotlin-stdlib-jdk7-1.8.0.jar:/Users/inho/.m2/repository/com/squareup/okhttp3/okhttp/4.10.0/okhttp-4.10.0.jar:/Users/inho/.m2/repository/org/jetbrains/kotlin/kotlin-stdlib/1.6.20/kotlin-stdlib-1.6.20.jar:/Users/inho/.m2/repository/org/jetbrains/kotlin/kotlin-stdlib-common/1.6.20/kotlin-stdlib-common-1.6.20.jar:/Users/inho/.m2/repository/org/jetbrains/annotations/13.0/annotations-13.0.jar:/Users/inho/.m2/repository/com/squareup/retrofit2/retrofit/2.9.0/retrofit-2.9.0.jar:/Users/inho/.m2/repository/com/squareup/okhttp3/logging-interceptor/4.10.0/logging-interceptor-4.10.0.jar:/Users/inho/.m2/repository/org/apache/commons/commons-csv/1.10.0/commons-csv-1.10.0.jar:/Users/inho/.m2/repository/io/reactivex/rxjava3/rxjava/3.1.6/rxjava-3.1.6.jar:/Users/inho/.m2/repository/org/reactivestreams/reactive-streams/1.0.4/reactive-streams-1.0.4.jar:/Users/inho/.m2/repository/com/squareup/retrofit2/adapter-rxjava3/2.9.0/adapter-rxjava3-2.9.0.jar:/Users/inho/.m2/repository/com/squareup/retrofit2/converter-scalars/2.9.0/converter-scalars-2.9.0.jar:/Users/inho/.m2/repository/com/squareup/retrofit2/converter-gson/2.9.0/converter-gson-2.9.0.jar:/Users/inho/.m2/repository/com/google/code/findbugs/jsr305/3.0.2/jsr305-3.0.2.jar:/Users/inho/.m2/repository/com/infiniteautomation/modbus4j/3.1.0/modbus4j-3.1.0.jar:/Users/inho/.m2/repository/org/apache/commons/commons-lang3/3.7/commons-lang3-3.7.jar:/Users/inho/.m2/repository/commons-logging/commons-logging/1.1.1/commons-logging-1.1.1.jar:"/>
    <property name="java.vm.vendor" value="Homebrew"/>
    <property name="sun.arch.data.model" value="64"/>
    <property name="java.vendor.url" value="https://github.com/Homebrew/homebrew-core/issues"/>
    <property name="os.name" value="Mac OS X"/>
    <property name="java.vm.specification.version" value="21"/>
    <property name="sun.java.launcher" value="SUN_STANDARD"/>
    <property name="user.country" value="KR"/>
    <property name="sun.boot.library.path" value="/opt/homebrew/Cellar/openjdk@21/21.0.5/libexec/openjdk.jdk/Contents/Home/lib"/>
    <property name="sun.java.command" value="/Users/inho/IoT/project/target/surefire/surefirebooter10044486284415185699.jar /Users/inho/IoT/project/target/surefire 2024-12-04T13-15-05_773-jvmRun1 surefire12138066955065161820tmp surefire_011470751183926538954tmp"/>
    <property name="http.nonProxyHosts" value="local|*.local|169.254/16|*.169.254/16"/>
    <property name="jdk.debug" value="release"/>
    <property name="surefire.test.class.path" value="/Users/inho/IoT/project/target/test-classes:/Users/inho/IoT/project/target/classes:/Users/inho/.m2/repository/com/google/code/gson/gson/2.8.9/gson-2.8.9.jar:/Users/inho/.m2/repository/com/intelligt/modbus/jlibmodbus/1.2.9.11/jlibmodbus-1.2.9.11.jar:/Users/inho/.m2/repository/com/fazecast/jSerialComm/2.10.4/jSerialComm-2.10.4.jar:/Users/inho/.m2/repository/com/github/purejavacomm/purejavacomm/1.0.2.RELEASE/purejavacomm-1.0.2.RELEASE.jar:/Users/inho/.m2/repository/net/java/dev/jna/jna/4.2.2/jna-4.2.2.jar:/Users/inho/.m2/repository/io/github/java-native/jssc/2.9.6/jssc-2.9.6.jar:/Users/inho/.m2/repository/org/scijava/native-lib-loader/2.5.0/native-lib-loader-2.5.0.jar:/Users/inho/.m2/repository/org/slf4j/slf4j-api/1.7.36/slf4j-api-1.7.36.jar:/Users/inho/.m2/repository/org/rxtx/rxtx/2.1.7/rxtx-2.1.7.jar:/Users/inho/.m2/repository/com/google/android/things/androidthings/1.0/androidthings-1.0.jar:/Users/inho/.m2/repository/junit/junit/4.11/junit-4.11.jar:/Users/inho/.m2/repository/org/hamcrest/hamcrest-core/1.3/hamcrest-core-1.3.jar:/Users/inho/.m2/repository/org/eclipse/paho/org.eclipse.paho.client.mqttv3/1.2.5/org.eclipse.paho.client.mqttv3-1.2.5.jar:/Users/inho/.m2/repository/com/fasterxml/jackson/core/jackson-databind/2.15.2/jackson-databind-2.15.2.jar:/Users/inho/.m2/repository/com/fasterxml/jackson/core/jackson-annotations/2.15.2/jackson-annotations-2.15.2.jar:/Users/inho/.m2/repository/com/fasterxml/jackson/core/jackson-core/2.15.2/jackson-core-2.15.2.jar:/Users/inho/.m2/repository/com/influxdb/influxdb-client-java/6.10.0/influxdb-client-java-6.10.0.jar:/Users/inho/.m2/repository/com/influxdb/influxdb-client-core/6.10.0/influxdb-client-core-6.10.0.jar:/Users/inho/.m2/repository/com/influxdb/influxdb-client-utils/6.10.0/influxdb-client-utils-6.10.0.jar:/Users/inho/.m2/repository/com/squareup/okio/okio/3.4.0/okio-3.4.0.jar:/Users/inho/.m2/repository/com/squareup/okio/okio-jvm/3.4.0/okio-jvm-3.4.0.jar:/Users/inho/.m2/repository/org/jetbrains/kotlin/kotlin-stdlib-jdk8/1.8.0/kotlin-stdlib-jdk8-1.8.0.jar:/Users/inho/.m2/repository/org/jetbrains/kotlin/kotlin-stdlib-jdk7/1.8.0/kotlin-stdlib-jdk7-1.8.0.jar:/Users/inho/.m2/repository/com/squareup/okhttp3/okhttp/4.10.0/okhttp-4.10.0.jar:/Users/inho/.m2/repository/org/jetbrains/kotlin/kotlin-stdlib/1.6.20/kotlin-stdlib-1.6.20.jar:/Users/inho/.m2/repository/org/jetbrains/kotlin/kotlin-stdlib-common/1.6.20/kotlin-stdlib-common-1.6.20.jar:/Users/inho/.m2/repository/org/jetbrains/annotations/13.0/annotations-13.0.jar:/Users/inho/.m2/repository/com/squareup/retrofit2/retrofit/2.9.0/retrofit-2.9.0.jar:/Users/inho/.m2/repository/com/squareup/okhttp3/logging-interceptor/4.10.0/logging-interceptor-4.10.0.jar:/Users/inho/.m2/repository/org/apache/commons/commons-csv/1.10.0/commons-csv-1.10.0.jar:/Users/inho/.m2/repository/io/reactivex/rxjava3/rxjava/3.1.6/rxjava-3.1.6.jar:/Users/inho/.m2/repository/org/reactivestreams/reactive-streams/1.0.4/reactive-streams-1.0.4.jar:/Users/inho/.m2/repository/com/squareup/retrofit2/adapter-rxjava3/2.9.0/adapter-rxjava3-2.9.0.jar:/Users/inho/.m2/repository/com/squareup/retrofit2/converter-scalars/2.9.0/converter-scalars-2.9.0.jar:/Users/inho/.m2/repository/com/squareup/retrofit2/converter-gson/2.9.0/converter-gson-2.9.0.jar:/Users/inho/.m2/repository/com/google/code/findbugs/jsr305/3.0.2/jsr305-3.0.2.jar:/Users/inho/.m2/repository/com/infiniteautomation/modbus4j/3.1.0/modbus4j-3.1.0.jar:/Users/inho/.m2/repository/org/apache/commons/commons-lang3/3.7/commons-lang3-3.7.jar:/Users/inho/.m2/repository/commons-logging/commons-logging/1.1.1/commons-logging-1.1.1.jar:"/>
    <property name="sun.cpu.endian" value="little"/>
    <property name="user.home" value="/Users/inho"/>
    <property name="user.language" value="ko"/>
    <property name="java.specification.vendor" value="Oracle Corporation"/>
    <property name="java.version.date" value="2024-10-15"/>
    <property name="java.home" value="/opt/homebrew/Cellar/openjdk@21/21.0.5/libexec/openjdk.jdk/Contents/Home"/>
    <property name="file.separator" value="/"/>
    <property name="basedir" value="/Users/inho/IoT/project"/>
    <property name="java.vm.compressedOopsMode" value="Zero based"/>
    <property name="line.separator" value="&#10;"/>
    <property name="java.vm.specification.vendor" value="Oracle Corporation"/>
    <property name="java.specification.name" value="Java Platform API Specification"/>
    <property name="apple.awt.application.name" value="ForkedBooter"/>
    <property name="surefire.real.class.path" value="/Users/inho/IoT/project/target/surefire/surefirebooter10044486284415185699.jar"/>
    <property name="sun.management.compiler" value="HotSpot 64-Bit Tiered Compilers"/>
    <property name="ftp.nonProxyHosts" value="local|*.local|169.254/16|*.169.254/16"/>
    <property name="java.runtime.version" value="21.0.5"/>
    <property name="user.name" value="inho"/>
    <property name="stdout.encoding" value="UTF-8"/>
    <property name="path.separator" value=":"/>
    <property name="os.version" value="15.0.1"/>
    <property name="java.runtime.name" value="OpenJDK Runtime Environment"/>
    <property name="file.encoding" value="UTF-8"/>
    <property name="java.vm.name" value="OpenJDK 64-Bit Server VM"/>
    <property name="java.vendor.version" value="Homebrew"/>
    <property name="localRepository" value="/Users/inho/.m2/repository"/>
    <property name="java.vendor.url.bug" value="https://github.com/Homebrew/homebrew-core/issues"/>
    <property name="java.io.tmpdir" value="/var/folders/lf/y10g6sqx1r31qpbktbvwk_f00000gn/T/"/>
    <property name="java.version" value="21.0.5"/>
    <property name="user.dir" value="/Users/inho/IoT/project"/>
    <property name="os.arch" value="aarch64"/>
    <property name="java.vm.specification.name" value="Java Virtual Machine Specification"/>
    <property name="native.encoding" value="UTF-8"/>
    <property name="java.library.path" value="/Users/inho/Library/Java/Extensions:/Library/Java/Extensions:/Network/Library/Java/Extensions:/System/Library/Java/Extensions:/usr/lib/java:."/>
    <property name="java.vm.info" value="mixed mode, sharing"/>
    <property name="stderr.encoding" value="UTF-8"/>
    <property name="java.vendor" value="Homebrew"/>
    <property name="java.vm.version" value="21.0.5"/>
    <property name="sun.io.unicode.encoding" value="UnicodeBig"/>
    <property name="socksNonProxyHosts" value="local|*.local|169.254/16|*.169.254/16"/>
    <property name="java.class.version" value="65.0"/>
  </properties>
  <testcase name="shouldAnswerWithTrue" classname="com.example.AppTest" time="0.001"/>
</testsuite>